c:\personal work\c++\edgebrowserbyayush\edgebrowserapp\x64\debug\vc142.pdb
c:\personal work\c++\edgebrowserbyayush\edgebrowserapp\x64\debug\vc142.idb
c:\personal work\c++\edgebrowserbyayush\edgebrowserapp\x64\debug\viewcomponent.obj
c:\personal work\c++\edgebrowserbyayush\edgebrowserapp\x64\debug\stdafx.obj
c:\personal work\c++\edgebrowserbyayush\edgebrowserapp\x64\debug\edgebrowserappdlg.obj
c:\personal work\c++\edgebrowserbyayush\edgebrowserapp\x64\debug\edgebrowserapp.obj
c:\personal work\c++\edgebrowserbyayush\edgebrowserapp\x64\debug\edgebrowserapp.res
c:\personal work\c++\edgebrowserbyayush\x64\debug\edgebrowserapp.pdb
c:\personal work\c++\edgebrowserbyayush\edgebrowserapp\x64\debug\edgebrowserapp.tlog\cl.command.1.tlog
c:\personal work\c++\edgebrowserbyayush\edgebrowserapp\x64\debug\edgebrowserapp.tlog\cl.read.1.tlog
c:\personal work\c++\edgebrowserbyayush\edgebrowserapp\x64\debug\edgebrowserapp.tlog\cl.write.1.tlog
c:\personal work\c++\edgebrowserbyayush\edgebrowserapp\x64\debug\edgebrowserapp.tlog\link-cvtres.read.1.tlog
c:\personal work\c++\edgebrowserbyayush\edgebrowserapp\x64\debug\edgebrowserapp.tlog\link-cvtres.write.1.tlog
c:\personal work\c++\edgebrowserbyayush\edgebrowserapp\x64\debug\edgebrowserapp.tlog\link-mt.read.1.tlog
c:\personal work\c++\edgebrowserbyayush\edgebrowserapp\x64\debug\edgebrowserapp.tlog\link-mt.write.1.tlog
c:\personal work\c++\edgebrowserbyayush\edgebrowserapp\x64\debug\edgebrowserapp.tlog\link-rc.read.1.tlog
c:\personal work\c++\edgebrowserbyayush\edgebrowserapp\x64\debug\edgebrowserapp.tlog\link-rc.write.1.tlog
c:\personal work\c++\edgebrowserbyayush\edgebrowserapp\x64\debug\edgebrowserapp.tlog\link.command.1.tlog
c:\personal work\c++\edgebrowserbyayush\edgebrowserapp\x64\debug\edgebrowserapp.tlog\link.read.1.tlog
c:\personal work\c++\edgebrowserbyayush\edgebrowserapp\x64\debug\edgebrowserapp.tlog\link.write.1.tlog
c:\personal work\c++\edgebrowserbyayush\edgebrowserapp\x64\debug\edgebrowserapp.tlog\rc.command.1.tlog
c:\personal work\c++\edgebrowserbyayush\edgebrowserapp\x64\debug\edgebrowserapp.tlog\rc.read.1.tlog
c:\personal work\c++\edgebrowserbyayush\edgebrowserapp\x64\debug\edgebrowserapp.tlog\rc.write.1.tlog
